<?xml version="1.0" encoding="UTF-8" ?>
<testsuite tests="5" failures="0" name="com.elitho.travelDeduction.services.calculator.CalculatorServiceImplTest" time="0.013" errors="0" skipped="0">
  <properties>
[...]
</properties>
  <testcase classname="com.elitho.travelDeduction.services.calculator.CalculatorServiceImplTest" name="testCalculateTravelDeduction" time="0.007"/>
  <testcase classname="com.elitho.travelDeduction.services.calculator.CalculatorServiceImplTest" name="testWithOnlyOneList" time="0"/>
  <testcase classname="com.elitho.travelDeduction.services.calculator.CalculatorServiceImplTest" name="testNoDeduction" time="0.001"/>
  <testcase classname="com.elitho.travelDeduction.services.calculator.CalculatorServiceImplTest" name="testUpperLimit" time="0"/>
  <testcase classname="com.elitho.travelDeduction.services.calculator.CalculatorServiceImplTest" name="testBekkCaseAInput" time="0.005"/>
</testsuite>